  [1m[36mUser Load (1.2ms)[0m  [1m[34mSELECT "users".* FROM "users"[0m
Started OPTIONS "/authenticate" for 127.0.0.1 at 2023-04-19 14:12:02 +0300
  [1m[36mActiveRecord::SchemaMigration Pluck (0.5ms)[0m  [1m[34mSELECT "schema_migrations"."version" FROM "schema_migrations" ORDER BY "schema_migrations"."version" ASC[0m
  
ActionController::RoutingError (No route matches [OPTIONS] "/authenticate"):
  
Started OPTIONS "/authenticate" for 127.0.0.1 at 2023-04-19 14:13:22 +0300
  
ActionController::RoutingError (No route matches [OPTIONS] "/authenticate"):
  
Started OPTIONS "/authenticate" for 127.0.0.1 at 2023-04-19 14:13:31 +0300
  
ActionController::RoutingError (No route matches [OPTIONS] "/authenticate"):
  
Started POST "/authenticate" for 127.0.0.1 at 2023-04-19 14:14:34 +0300
  [1m[36mActiveRecord::SchemaMigration Pluck (0.5ms)[0m  [1m[34mSELECT "schema_migrations"."version" FROM "schema_migrations" ORDER BY "schema_migrations"."version" ASC[0m
Processing by AuthenticationController#authenticate as */*
  Parameters: {"email"=>"johndoe@example.com", "password"=>"[FILTERED]", "authentication"=>{"email"=>"johndoe@example.com", "password"=>"[FILTERED]"}}
[31mUnpermitted parameter: :authentication. Context: { controller: AuthenticationController, action: authenticate, request: #<ActionDispatch::Request:0x00007f786cee51d8>, params: {"email"=>"johndoe@example.com", "password"=>"[FILTERED]", "controller"=>"authentication", "action"=>"authenticate", "authentication"=>{"email"=>"johndoe@example.com", "password"=>"[FILTERED]"}} }[0m
  [1m[36mUser Load (0.5ms)[0m  [1m[34mSELECT "users".* FROM "users" WHERE "users"."email" = $1 LIMIT $2[0m  [["email", "johndoe@example.com"], ["LIMIT", 1]]
  ↳ app/controllers/authentication_controller.rb:5:in `authenticate'
[31mUnpermitted parameter: :authentication. Context: { controller: AuthenticationController, action: authenticate, request: #<ActionDispatch::Request:0x00007f786cee51d8>, params: {"email"=>"johndoe@example.com", "password"=>"[FILTERED]", "controller"=>"authentication", "action"=>"authenticate", "authentication"=>{"email"=>"johndoe@example.com", "password"=>"[FILTERED]"}} }[0m
  [1m[36mAdmin Load (52.2ms)[0m  [1m[34mSELECT "admins".* FROM "admins" WHERE "admins"."email" = $1 LIMIT $2[0m  [["email", "johndoe@example.com"], ["LIMIT", 1]]
  ↳ app/controllers/authentication_controller.rb:6:in `authenticate'
[31mUnpermitted parameter: :authentication. Context: { controller: AuthenticationController, action: authenticate, request: #<ActionDispatch::Request:0x00007f786cee51d8>, params: {"email"=>"johndoe@example.com", "password"=>"[FILTERED]", "controller"=>"authentication", "action"=>"authenticate", "authentication"=>{"email"=>"johndoe@example.com", "password"=>"[FILTERED]"}} }[0m
[active_model_serializers] Rendered ActiveModel::Serializer::Null with Hash (0.18ms)
Completed 200 OK in 364ms (Views: 18.1ms | ActiveRecord: 59.7ms | Allocations: 48830)


Started POST "/authenticate" for 127.0.0.1 at 2023-04-19 14:15:25 +0300
Processing by AuthenticationController#authenticate as */*
  Parameters: {"email"=>"johndoe@example.com", "password"=>"[FILTERED]", "authentication"=>{"email"=>"johndoe@example.com", "password"=>"[FILTERED]"}}
[31mUnpermitted parameter: :authentication. Context: { controller: AuthenticationController, action: authenticate, request: #<ActionDispatch::Request:0x00007f785c8c60f0>, params: {"email"=>"johndoe@example.com", "password"=>"[FILTERED]", "controller"=>"authentication", "action"=>"authenticate", "authentication"=>{"email"=>"johndoe@example.com", "password"=>"[FILTERED]"}} }[0m
  [1m[36mUser Load (0.5ms)[0m  [1m[34mSELECT "users".* FROM "users" WHERE "users"."email" = $1 LIMIT $2[0m  [["email", "johndoe@example.com"], ["LIMIT", 1]]
  ↳ app/controllers/authentication_controller.rb:5:in `authenticate'
[31mUnpermitted parameter: :authentication. Context: { controller: AuthenticationController, action: authenticate, request: #<ActionDispatch::Request:0x00007f785c8c60f0>, params: {"email"=>"johndoe@example.com", "password"=>"[FILTERED]", "controller"=>"authentication", "action"=>"authenticate", "authentication"=>{"email"=>"johndoe@example.com", "password"=>"[FILTERED]"}} }[0m
  [1m[36mAdmin Load (0.7ms)[0m  [1m[34mSELECT "admins".* FROM "admins" WHERE "admins"."email" = $1 LIMIT $2[0m  [["email", "johndoe@example.com"], ["LIMIT", 1]]
  ↳ app/controllers/authentication_controller.rb:6:in `authenticate'
[31mUnpermitted parameter: :authentication. Context: { controller: AuthenticationController, action: authenticate, request: #<ActionDispatch::Request:0x00007f785c8c60f0>, params: {"email"=>"johndoe@example.com", "password"=>"[FILTERED]", "controller"=>"authentication", "action"=>"authenticate", "authentication"=>{"email"=>"johndoe@example.com", "password"=>"[FILTERED]"}} }[0m
[active_model_serializers] Rendered ActiveModel::Serializer::Null with Hash (0.06ms)
Completed 200 OK in 224ms (Views: 0.5ms | ActiveRecord: 1.2ms | Allocations: 1675)


Started POST "/authenticate" for 127.0.0.1 at 2023-04-19 14:16:05 +0300
Processing by AuthenticationController#authenticate as */*
  Parameters: {"email"=>"johndoe@example.com", "password"=>"[FILTERED]", "authentication"=>{"email"=>"johndoe@example.com", "password"=>"[FILTERED]"}}
[31mUnpermitted parameter: :authentication. Context: { controller: AuthenticationController, action: authenticate, request: #<ActionDispatch::Request:0x00007f786d2ad338>, params: {"email"=>"johndoe@example.com", "password"=>"[FILTERED]", "controller"=>"authentication", "action"=>"authenticate", "authentication"=>{"email"=>"johndoe@example.com", "password"=>"[FILTERED]"}} }[0m
  [1m[36mUser Load (0.9ms)[0m  [1m[34mSELECT "users".* FROM "users" WHERE "users"."email" = $1 LIMIT $2[0m  [["email", "johndoe@example.com"], ["LIMIT", 1]]
  ↳ app/controllers/authentication_controller.rb:5:in `authenticate'
[31mUnpermitted parameter: :authentication. Context: { controller: AuthenticationController, action: authenticate, request: #<ActionDispatch::Request:0x00007f786d2ad338>, params: {"email"=>"johndoe@example.com", "password"=>"[FILTERED]", "controller"=>"authentication", "action"=>"authenticate", "authentication"=>{"email"=>"johndoe@example.com", "password"=>"[FILTERED]"}} }[0m
  [1m[36mAdmin Load (0.4ms)[0m  [1m[34mSELECT "admins".* FROM "admins" WHERE "admins"."email" = $1 LIMIT $2[0m  [["email", "johndoe@example.com"], ["LIMIT", 1]]
  ↳ app/controllers/authentication_controller.rb:6:in `authenticate'
[31mUnpermitted parameter: :authentication. Context: { controller: AuthenticationController, action: authenticate, request: #<ActionDispatch::Request:0x00007f786d2ad338>, params: {"email"=>"johndoe@example.com", "password"=>"[FILTERED]", "controller"=>"authentication", "action"=>"authenticate", "authentication"=>{"email"=>"johndoe@example.com", "password"=>"[FILTERED]"}} }[0m
[active_model_serializers] Rendered ActiveModel::Serializer::Null with Hash (0.09ms)
Completed 200 OK in 218ms (Views: 0.7ms | ActiveRecord: 1.3ms | Allocations: 1504)


Started POST "/authenticate" for 127.0.0.1 at 2023-04-19 14:18:57 +0300
Processing by AuthenticationController#authenticate as */*
  Parameters: {"email"=>"johndoe@example.com", "password"=>"[FILTERED]", "authentication"=>{"email"=>"johndoe@example.com", "password"=>"[FILTERED]"}}
[31mUnpermitted parameter: :authentication. Context: { controller: AuthenticationController, action: authenticate, request: #<ActionDispatch::Request:0x00007f786000f2f0>, params: {"email"=>"johndoe@example.com", "password"=>"[FILTERED]", "controller"=>"authentication", "action"=>"authenticate", "authentication"=>{"email"=>"johndoe@example.com", "password"=>"[FILTERED]"}} }[0m
  [1m[36mUser Load (0.5ms)[0m  [1m[34mSELECT "users".* FROM "users" WHERE "users"."email" = $1 LIMIT $2[0m  [["email", "johndoe@example.com"], ["LIMIT", 1]]
  ↳ app/controllers/authentication_controller.rb:5:in `authenticate'
[31mUnpermitted parameter: :authentication. Context: { controller: AuthenticationController, action: authenticate, request: #<ActionDispatch::Request:0x00007f786000f2f0>, params: {"email"=>"johndoe@example.com", "password"=>"[FILTERED]", "controller"=>"authentication", "action"=>"authenticate", "authentication"=>{"email"=>"johndoe@example.com", "password"=>"[FILTERED]"}} }[0m
  [1m[36mAdmin Load (1.0ms)[0m  [1m[34mSELECT "admins".* FROM "admins" WHERE "admins"."email" = $1 LIMIT $2[0m  [["email", "johndoe@example.com"], ["LIMIT", 1]]
  ↳ app/controllers/authentication_controller.rb:6:in `authenticate'
[31mUnpermitted parameter: :authentication. Context: { controller: AuthenticationController, action: authenticate, request: #<ActionDispatch::Request:0x00007f786000f2f0>, params: {"email"=>"johndoe@example.com", "password"=>"[FILTERED]", "controller"=>"authentication", "action"=>"authenticate", "authentication"=>{"email"=>"johndoe@example.com", "password"=>"[FILTERED]"}} }[0m
[active_model_serializers] Rendered ActiveModel::Serializer::Null with Hash (0.07ms)
Completed 200 OK in 245ms (Views: 0.5ms | ActiveRecord: 1.5ms | Allocations: 1504)


Started POST "/authenticate" for 127.0.0.1 at 2023-04-19 14:19:02 +0300
Processing by AuthenticationController#authenticate as */*
  Parameters: {"email"=>"johndoe@example.com", "password"=>"[FILTERED]", "authentication"=>{"email"=>"johndoe@example.com", "password"=>"[FILTERED]"}}
[31mUnpermitted parameter: :authentication. Context: { controller: AuthenticationController, action: authenticate, request: #<ActionDispatch::Request:0x00007f785402adb8>, params: {"email"=>"johndoe@example.com", "password"=>"[FILTERED]", "controller"=>"authentication", "action"=>"authenticate", "authentication"=>{"email"=>"johndoe@example.com", "password"=>"[FILTERED]"}} }[0m
  [1m[36mUser Load (0.5ms)[0m  [1m[34mSELECT "users".* FROM "users" WHERE "users"."email" = $1 LIMIT $2[0m  [["email", "johndoe@example.com"], ["LIMIT", 1]]
  ↳ app/controllers/authentication_controller.rb:5:in `authenticate'
[31mUnpermitted parameter: :authentication. Context: { controller: AuthenticationController, action: authenticate, request: #<ActionDispatch::Request:0x00007f785402adb8>, params: {"email"=>"johndoe@example.com", "password"=>"[FILTERED]", "controller"=>"authentication", "action"=>"authenticate", "authentication"=>{"email"=>"johndoe@example.com", "password"=>"[FILTERED]"}} }[0m
  [1m[36mAdmin Load (0.9ms)[0m  [1m[34mSELECT "admins".* FROM "admins" WHERE "admins"."email" = $1 LIMIT $2[0m  [["email", "johndoe@example.com"], ["LIMIT", 1]]
  ↳ app/controllers/authentication_controller.rb:6:in `authenticate'
[31mUnpermitted parameter: :authentication. Context: { controller: AuthenticationController, action: authenticate, request: #<ActionDispatch::Request:0x00007f785402adb8>, params: {"email"=>"johndoe@example.com", "password"=>"[FILTERED]", "controller"=>"authentication", "action"=>"authenticate", "authentication"=>{"email"=>"johndoe@example.com", "password"=>"[FILTERED]"}} }[0m
[active_model_serializers] Rendered ActiveModel::Serializer::Null with Hash (0.08ms)
Completed 200 OK in 219ms (Views: 0.7ms | ActiveRecord: 1.4ms | Allocations: 1491)


Started POST "/authenticate" for 127.0.0.1 at 2023-04-19 14:19:10 +0300
Processing by AuthenticationController#authenticate as */*
  Parameters: {"email"=>"johndoe@example.com", "password"=>"[FILTERED]", "authentication"=>{"email"=>"johndoe@example.com", "password"=>"[FILTERED]"}}
[31mUnpermitted parameter: :authentication. Context: { controller: AuthenticationController, action: authenticate, request: #<ActionDispatch::Request:0x00007f7858006770>, params: {"email"=>"johndoe@example.com", "password"=>"[FILTERED]", "controller"=>"authentication", "action"=>"authenticate", "authentication"=>{"email"=>"johndoe@example.com", "password"=>"[FILTERED]"}} }[0m
  [1m[36mUser Load (0.4ms)[0m  [1m[34mSELECT "users".* FROM "users" WHERE "users"."email" = $1 LIMIT $2[0m  [["email", "johndoe@example.com"], ["LIMIT", 1]]
  ↳ app/controllers/authentication_controller.rb:5:in `authenticate'
[31mUnpermitted parameter: :authentication. Context: { controller: AuthenticationController, action: authenticate, request: #<ActionDispatch::Request:0x00007f7858006770>, params: {"email"=>"johndoe@example.com", "password"=>"[FILTERED]", "controller"=>"authentication", "action"=>"authenticate", "authentication"=>{"email"=>"johndoe@example.com", "password"=>"[FILTERED]"}} }[0m
  [1m[36mAdmin Load (0.5ms)[0m  [1m[34mSELECT "admins".* FROM "admins" WHERE "admins"."email" = $1 LIMIT $2[0m  [["email", "johndoe@example.com"], ["LIMIT", 1]]
  ↳ app/controllers/authentication_controller.rb:6:in `authenticate'
[31mUnpermitted parameter: :authentication. Context: { controller: AuthenticationController, action: authenticate, request: #<ActionDispatch::Request:0x00007f7858006770>, params: {"email"=>"johndoe@example.com", "password"=>"[FILTERED]", "controller"=>"authentication", "action"=>"authenticate", "authentication"=>{"email"=>"johndoe@example.com", "password"=>"[FILTERED]"}} }[0m
[active_model_serializers] Rendered ActiveModel::Serializer::Null with Hash (0.07ms)
Completed 200 OK in 211ms (Views: 0.5ms | ActiveRecord: 0.9ms | Allocations: 1507)


Started POST "/authenticate" for 127.0.0.1 at 2023-04-19 14:20:19 +0300
Processing by AuthenticationController#authenticate as */*
  Parameters: {"email"=>"johndoe@example.com", "password"=>"[FILTERED]", "authentication"=>{"email"=>"johndoe@example.com", "password"=>"[FILTERED]"}}
[31mUnpermitted parameter: :authentication. Context: { controller: AuthenticationController, action: authenticate, request: #<ActionDispatch::Request:0x00007f7848004110>, params: {"email"=>"johndoe@example.com", "password"=>"[FILTERED]", "controller"=>"authentication", "action"=>"authenticate", "authentication"=>{"email"=>"johndoe@example.com", "password"=>"[FILTERED]"}} }[0m
  [1m[36mUser Load (0.3ms)[0m  [1m[34mSELECT "users".* FROM "users" WHERE "users"."email" = $1 LIMIT $2[0m  [["email", "johndoe@example.com"], ["LIMIT", 1]]
  ↳ app/controllers/authentication_controller.rb:5:in `authenticate'
[31mUnpermitted parameter: :authentication. Context: { controller: AuthenticationController, action: authenticate, request: #<ActionDispatch::Request:0x00007f7848004110>, params: {"email"=>"johndoe@example.com", "password"=>"[FILTERED]", "controller"=>"authentication", "action"=>"authenticate", "authentication"=>{"email"=>"johndoe@example.com", "password"=>"[FILTERED]"}} }[0m
  [1m[36mAdmin Load (0.5ms)[0m  [1m[34mSELECT "admins".* FROM "admins" WHERE "admins"."email" = $1 LIMIT $2[0m  [["email", "johndoe@example.com"], ["LIMIT", 1]]
  ↳ app/controllers/authentication_controller.rb:6:in `authenticate'
[31mUnpermitted parameter: :authentication. Context: { controller: AuthenticationController, action: authenticate, request: #<ActionDispatch::Request:0x00007f7848004110>, params: {"email"=>"johndoe@example.com", "password"=>"[FILTERED]", "controller"=>"authentication", "action"=>"authenticate", "authentication"=>{"email"=>"johndoe@example.com", "password"=>"[FILTERED]"}} }[0m
[active_model_serializers] Rendered ActiveModel::Serializer::Null with Hash (0.06ms)
Completed 200 OK in 211ms (Views: 0.5ms | ActiveRecord: 0.8ms | Allocations: 1489)


Started GET "/" for 127.0.0.1 at 2023-04-19 15:19:47 +0300
Processing by Rails::WelcomeController#index as HTML
  Rendering /home/steve/.rbenv/versions/3.0.2/lib/ruby/gems/3.0.0/gems/railties-7.0.4.3/lib/rails/templates/rails/welcome/index.html.erb
  Rendered /home/steve/.rbenv/versions/3.0.2/lib/ruby/gems/3.0.0/gems/railties-7.0.4.3/lib/rails/templates/rails/welcome/index.html.erb (Duration: 2.5ms | Allocations: 843)
Completed 200 OK in 25ms (Views: 5.6ms | Allocations: 4004)


Started POST "/users" for 127.0.0.1 at 2023-04-19 15:20:03 +0300
Processing by UsersController#create as */*
  Parameters: {"username"=>"jjk", "email"=>"jadani9038@dilanfa.com", "password"=>"[FILTERED]", "phoneNumber"=>"1234567809", "name"=>"Mr Fox", "user"=>{"email"=>"jadani9038@dilanfa.com", "name"=>"Mr Fox", "username"=>"jjk"}}
[31mUnpermitted parameters: :phoneNumber, :user. Context: { controller: UsersController, action: create, request: #<ActionDispatch::Request:0x00007f786804cfa8>, params: {"username"=>"jjk", "email"=>"jadani9038@dilanfa.com", "password"=>"[FILTERED]", "phoneNumber"=>"1234567809", "name"=>"Mr Fox", "controller"=>"users", "action"=>"create", "user"=>{"email"=>"jadani9038@dilanfa.com", "name"=>"Mr Fox", "username"=>"jjk"}} }[0m
  [1m[36mTRANSACTION (0.2ms)[0m  [1m[35mBEGIN[0m
  ↳ app/controllers/users_controller.rb:21:in `create'
  [1m[36mUser Exists? (1.5ms)[0m  [1m[34mSELECT 1 AS one FROM "users" WHERE "users"."email" = $1 LIMIT $2[0m  [["email", "jadani9038@dilanfa.com"], ["LIMIT", 1]]
  ↳ app/controllers/users_controller.rb:21:in `create'
  [1m[36mUser Exists? (0.7ms)[0m  [1m[34mSELECT 1 AS one FROM "users" WHERE "users"."username" = $1 LIMIT $2[0m  [["username", "jjk"], ["LIMIT", 1]]
  ↳ app/controllers/users_controller.rb:21:in `create'
  [1m[36mTRANSACTION (0.4ms)[0m  [1m[31mROLLBACK[0m
  ↳ app/controllers/users_controller.rb:21:in `create'
[active_model_serializers] Rendered ActiveModel::Serializer::Null with ActiveModel::Errors (196.68ms)
Completed 422 Unprocessable Entity in 428ms (Views: 197.5ms | ActiveRecord: 7.5ms | Allocations: 9950)


Started POST "/users" for 127.0.0.1 at 2023-04-19 15:20:42 +0300
Processing by UsersController#create as */*
  Parameters: {"username"=>"jjk", "email"=>"jadani9038@dilanfa.com", "password"=>"[FILTERED]", "phoneNumber"=>"1234567809", "name"=>"Mr Fox", "user"=>{"email"=>"jadani9038@dilanfa.com", "name"=>"Mr Fox", "username"=>"jjk"}}
[31mUnpermitted parameters: :phoneNumber, :user. Context: { controller: UsersController, action: create, request: #<ActionDispatch::Request:0x00007f78600576e0>, params: {"username"=>"jjk", "email"=>"jadani9038@dilanfa.com", "password"=>"[FILTERED]", "phoneNumber"=>"1234567809", "name"=>"Mr Fox", "controller"=>"users", "action"=>"create", "user"=>{"email"=>"jadani9038@dilanfa.com", "name"=>"Mr Fox", "username"=>"jjk"}} }[0m
  [1m[36mTRANSACTION (0.2ms)[0m  [1m[35mBEGIN[0m
  ↳ app/controllers/users_controller.rb:21:in `create'
  [1m[36mUser Exists? (0.5ms)[0m  [1m[34mSELECT 1 AS one FROM "users" WHERE "users"."email" = $1 LIMIT $2[0m  [["email", "jadani9038@dilanfa.com"], ["LIMIT", 1]]
  ↳ app/controllers/users_controller.rb:21:in `create'
  [1m[36mUser Exists? (0.7ms)[0m  [1m[34mSELECT 1 AS one FROM "users" WHERE "users"."username" = $1 LIMIT $2[0m  [["username", "jjk"], ["LIMIT", 1]]
  ↳ app/controllers/users_controller.rb:21:in `create'
  [1m[36mTRANSACTION (0.5ms)[0m  [1m[31mROLLBACK[0m
  ↳ app/controllers/users_controller.rb:21:in `create'
[active_model_serializers] Rendered ActiveModel::Serializer::Null with ActiveModel::Errors (0.56ms)
Completed 422 Unprocessable Entity in 205ms (Views: 1.2ms | ActiveRecord: 1.9ms | Allocations: 3164)


Started POST "/users" for 127.0.0.1 at 2023-04-19 15:21:12 +0300
Processing by UsersController#create as */*
  Parameters: {"username"=>"jjk", "email"=>"jadani9038@dilanfa.com", "password"=>"[FILTERED]", "phone_number"=>"1234567809", "name"=>"Mr Fox", "user"=>{"email"=>"jadani9038@dilanfa.com", "name"=>"Mr Fox", "phone_number"=>"1234567809", "username"=>"jjk"}}
[31mUnpermitted parameter: :user. Context: { controller: UsersController, action: create, request: #<ActionDispatch::Request:0x00007f78580499d0>, params: {"username"=>"jjk", "email"=>"jadani9038@dilanfa.com", "password"=>"[FILTERED]", "phone_number"=>"1234567809", "name"=>"Mr Fox", "controller"=>"users", "action"=>"create", "user"=>{"email"=>"jadani9038@dilanfa.com", "name"=>"Mr Fox", "phone_number"=>"1234567809", "username"=>"jjk"}} }[0m
  [1m[36mTRANSACTION (0.3ms)[0m  [1m[35mBEGIN[0m
  ↳ app/controllers/users_controller.rb:21:in `create'
  [1m[36mUser Exists? (0.7ms)[0m  [1m[34mSELECT 1 AS one FROM "users" WHERE "users"."email" = $1 LIMIT $2[0m  [["email", "jadani9038@dilanfa.com"], ["LIMIT", 1]]
  ↳ app/controllers/users_controller.rb:21:in `create'
  [1m[36mUser Exists? (0.6ms)[0m  [1m[34mSELECT 1 AS one FROM "users" WHERE "users"."username" = $1 LIMIT $2[0m  [["username", "jjk"], ["LIMIT", 1]]
  ↳ app/controllers/users_controller.rb:21:in `create'
  [1m[36mUser Create (64.3ms)[0m  [1m[32mINSERT INTO "users" ("email", "name", "phone_number", "username", "password_digest", "created_at", "updated_at") VALUES ($1, $2, $3, $4, $5, $6, $7) RETURNING "id"[0m  [["email", "jadani9038@dilanfa.com"], ["name", "Mr Fox"], ["phone_number", 1234567809], ["username", "jjk"], ["password_digest", "[FILTERED]"], ["created_at", "2023-04-19 12:21:12.849839"], ["updated_at", "2023-04-19 12:21:12.849839"]]
  ↳ app/controllers/users_controller.rb:21:in `create'
  [1m[36mTRANSACTION (30.8ms)[0m  [1m[35mCOMMIT[0m
  ↳ app/controllers/users_controller.rb:21:in `create'
[active_model_serializers]   [1m[36mReview Load (25.5ms)[0m  [1m[34mSELECT "reviews".* FROM "reviews" WHERE "reviews"."user_id" = $1[0m  [["user_id", 3]]
[active_model_serializers]   ↳ app/controllers/users_controller.rb:22:in `create'
[active_model_serializers]   [1m[36mOrder Load (0.4ms)[0m  [1m[34mSELECT "orders".* FROM "orders" WHERE "orders"."user_id" = $1[0m  [["user_id", 3]]
[active_model_serializers]   ↳ app/controllers/users_controller.rb:22:in `create'
[active_model_serializers]   [1m[36mAddress Load (79.6ms)[0m  [1m[34mSELECT "addresses".* FROM "addresses" WHERE "addresses"."user_id" = $1[0m  [["user_id", 3]]
[active_model_serializers]   ↳ app/controllers/users_controller.rb:22:in `create'
[active_model_serializers] Rendered UserSerializer with ActiveModelSerializers::Adapter::Attributes (169.9ms)
Completed 201 Created in 483ms (Views: 68.7ms | ActiveRecord: 206.1ms | Allocations: 28612)


Started POST "/admin" for 127.0.0.1 at 2023-04-19 15:41:52 +0300
  
ActionController::RoutingError (No route matches [POST] "/admin"):
  
Started POST "/admins" for 127.0.0.1 at 2023-04-19 15:42:09 +0300
Processing by AdminsController#create as */*
  Parameters: {"name"=>"mike", "username"=>"tjkboom", "email"=>"ligma@gmail.com", "password"=>"[FILTERED]", "admin"=>{"email"=>"ligma@gmail.com", "username"=>"tjkboom", "name"=>"mike"}}
[31mUnpermitted parameter: :admin. Context: { controller: AdminsController, action: create, request: #<ActionDispatch::Request:0x00007f78600cf7a8>, params: {"name"=>"mike", "username"=>"tjkboom", "email"=>"ligma@gmail.com", "password"=>"[FILTERED]", "controller"=>"admins", "action"=>"create", "admin"=>{"email"=>"ligma@gmail.com", "username"=>"tjkboom", "name"=>"mike"}} }[0m
  [1m[36mTRANSACTION (0.2ms)[0m  [1m[35mBEGIN[0m
  ↳ app/controllers/admins_controller.rb:9:in `create'
  [1m[36mAdmin Exists? (1.0ms)[0m  [1m[34mSELECT 1 AS one FROM "admins" WHERE "admins"."email" = $1 LIMIT $2[0m  [["email", "ligma@gmail.com"], ["LIMIT", 1]]
  ↳ app/controllers/admins_controller.rb:9:in `create'
  [1m[36mAdmin Exists? (0.8ms)[0m  [1m[34mSELECT 1 AS one FROM "admins" WHERE "admins"."username" = $1 LIMIT $2[0m  [["username", "tjkboom"], ["LIMIT", 1]]
  ↳ app/controllers/admins_controller.rb:9:in `create'
  [1m[36mAdmin Create (23.0ms)[0m  [1m[32mINSERT INTO "admins" ("email", "username", "name", "password_digest", "created_at", "updated_at") VALUES ($1, $2, $3, $4, $5, $6) RETURNING "id"[0m  [["email", "ligma@gmail.com"], ["username", "tjkboom"], ["name", "mike"], ["password_digest", "[FILTERED]"], ["created_at", "2023-04-19 12:42:09.492059"], ["updated_at", "2023-04-19 12:42:09.492059"]]
  ↳ app/controllers/admins_controller.rb:9:in `create'
  [1m[36mTRANSACTION (41.0ms)[0m  [1m[35mCOMMIT[0m
  ↳ app/controllers/admins_controller.rb:9:in `create'
  [1m[36mTRANSACTION (0.5ms)[0m  [1m[35mBEGIN[0m
  ↳ app/controllers/admins_controller.rb:10:in `create'
  [1m[36mAdmin Exists? (0.5ms)[0m  [1m[34mSELECT 1 AS one FROM "admins" WHERE "admins"."email" = $1 AND "admins"."id" != $2 LIMIT $3[0m  [["email", "ligma@gmail.com"], ["id", 2], ["LIMIT", 1]]
  ↳ app/controllers/admins_controller.rb:10:in `create'
  [1m[36mAdmin Exists? (0.5ms)[0m  [1m[34mSELECT 1 AS one FROM "admins" WHERE "admins"."username" = $1 AND "admins"."id" != $2 LIMIT $3[0m  [["username", "tjkboom"], ["id", 2], ["LIMIT", 1]]
  ↳ app/controllers/admins_controller.rb:10:in `create'
  [1m[36mTRANSACTION (0.4ms)[0m  [1m[35mCOMMIT[0m
  ↳ app/controllers/admins_controller.rb:10:in `create'
[active_model_serializers] Rendered AdminSerializer with ActiveModelSerializers::Adapter::Attributes (0.34ms)
Completed 201 Created in 280ms (Views: 2.0ms | ActiveRecord: 76.0ms | Allocations: 8879)


  [1m[36mAdmin Load (0.3ms)[0m  [1m[34mSELECT "admins".* FROM "admins" ORDER BY "admins"."id" DESC LIMIT $1[0m  [["LIMIT", 1]]
  [1m[36mUser Load (0.6ms)[0m  [1m[34mSELECT "users".* FROM "users" ORDER BY "users"."id" DESC LIMIT $1[0m  [["LIMIT", 1]]
Started POST "/admins" for 127.0.0.1 at 2023-04-19 16:49:42 +0300
Processing by AdminsController#create as */*
  Parameters: {"name"=>"mike", "username"=>"tjkboom", "email"=>"ligma@gmail.com", "password"=>"[FILTERED]", "admin"=>{"email"=>"ligma@gmail.com", "username"=>"tjkboom", "name"=>"mike"}}
[31mUnpermitted parameter: :admin. Context: { controller: AdminsController, action: create, request: #<ActionDispatch::Request:0x00007f78582bf138>, params: {"name"=>"mike", "username"=>"tjkboom", "email"=>"ligma@gmail.com", "password"=>"[FILTERED]", "controller"=>"admins", "action"=>"create", "admin"=>{"email"=>"ligma@gmail.com", "username"=>"tjkboom", "name"=>"mike"}} }[0m
  [1m[36mTRANSACTION (0.1ms)[0m  [1m[35mBEGIN[0m
  ↳ app/controllers/admins_controller.rb:9:in `create'
  [1m[36mAdmin Exists? (1.0ms)[0m  [1m[34mSELECT 1 AS one FROM "admins" WHERE "admins"."email" = $1 LIMIT $2[0m  [["email", "ligma@gmail.com"], ["LIMIT", 1]]
  ↳ app/controllers/admins_controller.rb:9:in `create'
  [1m[36mAdmin Exists? (0.5ms)[0m  [1m[34mSELECT 1 AS one FROM "admins" WHERE "admins"."username" = $1 LIMIT $2[0m  [["username", "tjkboom"], ["LIMIT", 1]]
  ↳ app/controllers/admins_controller.rb:9:in `create'
  [1m[36mTRANSACTION (0.4ms)[0m  [1m[31mROLLBACK[0m
  ↳ app/controllers/admins_controller.rb:9:in `create'
  [1m[36mTRANSACTION (0.3ms)[0m  [1m[35mBEGIN[0m
  ↳ app/controllers/admins_controller.rb:10:in `create'
  [1m[36mAdmin Exists? (0.5ms)[0m  [1m[34mSELECT 1 AS one FROM "admins" WHERE "admins"."email" = $1 LIMIT $2[0m  [["email", "ligma@gmail.com"], ["LIMIT", 1]]
  ↳ app/controllers/admins_controller.rb:10:in `create'
  [1m[36mAdmin Exists? (0.4ms)[0m  [1m[34mSELECT 1 AS one FROM "admins" WHERE "admins"."username" = $1 LIMIT $2[0m  [["username", "tjkboom"], ["LIMIT", 1]]
  ↳ app/controllers/admins_controller.rb:10:in `create'
  [1m[36mTRANSACTION (0.2ms)[0m  [1m[31mROLLBACK[0m
  ↳ app/controllers/admins_controller.rb:10:in `create'
[active_model_serializers] Rendered ActiveModel::Serializer::Null with ActiveModel::Errors (1.08ms)
Completed 422 Unprocessable Entity in 234ms (Views: 1.8ms | ActiveRecord: 7.4ms | Allocations: 9237)


Started GET "/orders" for ::1 at 2023-04-20 10:18:02 +0300
  [1m[36mActiveRecord::SchemaMigration Pluck (1.5ms)[0m  [1m[34mSELECT "schema_migrations"."version" FROM "schema_migrations" ORDER BY "schema_migrations"."version" ASC[0m
Processing by OrdersController#index as */*
  Parameters: {"email"=>"admin@example.com", "password"=>"[FILTERED]", "order"=>{}}
  [1m[36mOrder Load (1.1ms)[0m  [1m[34mSELECT "orders".* FROM "orders"[0m
  ↳ app/controllers/orders_controller.rb:4:in `index'
[active_model_serializers]   [1m[36mProduct Load (0.7ms)[0m  [1m[34mSELECT "products".* FROM "products" WHERE "products"."id" = $1 LIMIT $2[0m  [["id", 1], ["LIMIT", 1]]
[active_model_serializers]   ↳ app/controllers/orders_controller.rb:4:in `index'
[active_model_serializers]   [1m[36mUser Load (0.7ms)[0m  [1m[34mSELECT "users".* FROM "users" WHERE "users"."id" = $1 LIMIT $2[0m  [["id", 1], ["LIMIT", 1]]
[active_model_serializers]   ↳ app/controllers/orders_controller.rb:4:in `index'
[active_model_serializers]   [1m[36mProduct Load (0.4ms)[0m  [1m[34mSELECT "products".* FROM "products" WHERE "products"."id" = $1 LIMIT $2[0m  [["id", 2], ["LIMIT", 1]]
[active_model_serializers]   ↳ app/controllers/orders_controller.rb:4:in `index'
[active_model_serializers]   [1m[36mUser Load (1.0ms)[0m  [1m[34mSELECT "users".* FROM "users" WHERE "users"."id" = $1 LIMIT $2[0m  [["id", 2], ["LIMIT", 1]]
[active_model_serializers]   ↳ app/controllers/orders_controller.rb:4:in `index'
[active_model_serializers] Rendered ActiveModel::Serializer::CollectionSerializer with ActiveModelSerializers::Adapter::Attributes (70.57ms)
Completed 200 OK in 194ms (Views: 87.6ms | ActiveRecord: 19.3ms | Allocations: 93203)


Started GET "/users" for ::1 at 2023-04-20 10:35:32 +0300
Processing by UsersController#index as */*
  Parameters: {"email"=>"admin@example.com", "password"=>"[FILTERED]", "user"=>{"email"=>"admin@example.com"}}
Completed 500 Internal Server Error in 2ms (ActiveRecord: 6.2ms | Allocations: 740)


  
NoMethodError (undefined method `[]' for nil:NilClass):
  
app/controllers/application_controller.rb:10:in `authenticate_request'
Started GET "/users" for ::1 at 2023-04-20 10:35:48 +0300
Processing by UsersController#index as */*
  Parameters: {"email"=>"admin@example.com", "password"=>"[FILTERED]", "user"=>{"email"=>"admin@example.com"}}
  [1m[36mUser Load (0.5ms)[0m  [1m[34mSELECT "users".* FROM "users"[0m
  ↳ app/controllers/users_controller.rb:5:in `index'
[active_model_serializers]   [1m[36mReview Load (1.0ms)[0m  [1m[34mSELECT "reviews".* FROM "reviews" WHERE "reviews"."user_id" = $1[0m  [["user_id", 1]]
[active_model_serializers]   ↳ app/controllers/users_controller.rb:5:in `index'
[active_model_serializers]   [1m[36mOrder Load (1.3ms)[0m  [1m[34mSELECT "orders".* FROM "orders" WHERE "orders"."user_id" = $1[0m  [["user_id", 1]]
[active_model_serializers]   ↳ app/controllers/users_controller.rb:5:in `index'
[active_model_serializers]   [1m[36mAddress Load (0.8ms)[0m  [1m[34mSELECT "addresses".* FROM "addresses" WHERE "addresses"."user_id" = $1[0m  [["user_id", 1]]
[active_model_serializers]   ↳ app/controllers/users_controller.rb:5:in `index'
[active_model_serializers]   [1m[36mReview Load (0.5ms)[0m  [1m[34mSELECT "reviews".* FROM "reviews" WHERE "reviews"."user_id" = $1[0m  [["user_id", 2]]
[active_model_serializers]   ↳ app/controllers/users_controller.rb:5:in `index'
[active_model_serializers]   [1m[36mOrder Load (0.5ms)[0m  [1m[34mSELECT "orders".* FROM "orders" WHERE "orders"."user_id" = $1[0m  [["user_id", 2]]
[active_model_serializers]   ↳ app/controllers/users_controller.rb:5:in `index'
[active_model_serializers]   [1m[36mAddress Load (0.4ms)[0m  [1m[34mSELECT "addresses".* FROM "addresses" WHERE "addresses"."user_id" = $1[0m  [["user_id", 2]]
[active_model_serializers]   ↳ app/controllers/users_controller.rb:5:in `index'
[active_model_serializers]   [1m[36mReview Load (0.5ms)[0m  [1m[34mSELECT "reviews".* FROM "reviews" WHERE "reviews"."user_id" = $1[0m  [["user_id", 3]]
[active_model_serializers]   ↳ app/controllers/users_controller.rb:5:in `index'
[active_model_serializers]   [1m[36mOrder Load (0.5ms)[0m  [1m[34mSELECT "orders".* FROM "orders" WHERE "orders"."user_id" = $1[0m  [["user_id", 3]]
[active_model_serializers]   ↳ app/controllers/users_controller.rb:5:in `index'
[active_model_serializers]   [1m[36mAddress Load (0.6ms)[0m  [1m[34mSELECT "addresses".* FROM "addresses" WHERE "addresses"."user_id" = $1[0m  [["user_id", 3]]
[active_model_serializers]   ↳ app/controllers/users_controller.rb:5:in `index'
[active_model_serializers] Rendered ActiveModel::Serializer::CollectionSerializer with ActiveModelSerializers::Adapter::Attributes (115.48ms)
Completed 200 OK in 129ms (Views: 107.6ms | ActiveRecord: 26.9ms | Allocations: 59449)


Started GET "/authenticate" for ::1 at 2023-04-20 10:43:21 +0300
  
ActionController::RoutingError (No route matches [GET] "/authenticate"):
  
Started POST "/authenticate" for ::1 at 2023-04-20 10:43:26 +0300
Processing by AuthenticationController#authenticate as */*
  Parameters: {"email"=>"admin@example.com", "password"=>"[FILTERED]", "authentication"=>{"email"=>"admin@example.com", "password"=>"[FILTERED]"}}
[31mUnpermitted parameter: :authentication. Context: { controller: AuthenticationController, action: authenticate, request: #<ActionDispatch::Request:0x00007f20641af1e0>, params: {"email"=>"admin@example.com", "password"=>"[FILTERED]", "controller"=>"authentication", "action"=>"authenticate", "authentication"=>{"email"=>"admin@example.com", "password"=>"[FILTERED]"}} }[0m
  [1m[36mUser Load (0.6ms)[0m  [1m[34mSELECT "users".* FROM "users" WHERE "users"."email" = $1 LIMIT $2[0m  [["email", "admin@example.com"], ["LIMIT", 1]]
  ↳ app/controllers/authentication_controller.rb:5:in `authenticate'
[31mUnpermitted parameter: :authentication. Context: { controller: AuthenticationController, action: authenticate, request: #<ActionDispatch::Request:0x00007f20641af1e0>, params: {"email"=>"admin@example.com", "password"=>"[FILTERED]", "controller"=>"authentication", "action"=>"authenticate", "authentication"=>{"email"=>"admin@example.com", "password"=>"[FILTERED]"}} }[0m
  [1m[36mAdmin Load (0.5ms)[0m  [1m[34mSELECT "admins".* FROM "admins" WHERE "admins"."email" = $1 LIMIT $2[0m  [["email", "admin@example.com"], ["LIMIT", 1]]
  ↳ app/controllers/authentication_controller.rb:6:in `authenticate'
[31mUnpermitted parameter: :authentication. Context: { controller: AuthenticationController, action: authenticate, request: #<ActionDispatch::Request:0x00007f20641af1e0>, params: {"email"=>"admin@example.com", "password"=>"[FILTERED]", "controller"=>"authentication", "action"=>"authenticate", "authentication"=>{"email"=>"admin@example.com", "password"=>"[FILTERED]"}} }[0m
[active_model_serializers] Rendered ActiveModel::Serializer::Null with Hash (0.09ms)
Completed 200 OK in 348ms (Views: 2.2ms | ActiveRecord: 16.6ms | Allocations: 13603)


Started POST "/orders" for ::1 at 2023-04-20 11:00:15 +0300
Processing by OrdersController#create as */*
  Parameters: {"email"=>"admin@example.com", "password"=>"[FILTERED]", "order"=>{}}
[31mUnpermitted parameters: :email, :password, :order. Context: { controller: OrdersController, action: create, request: #<ActionDispatch::Request:0x00007f2050005628>, params: {"email"=>"admin@example.com", "password"=>"[FILTERED]", "controller"=>"orders", "action"=>"create", "order"=>{}} }[0m
[active_model_serializers] Rendered ActiveModel::Serializer::Null with ActiveModel::Errors (16.27ms)
Completed 422 Unprocessable Entity in 35ms (Views: 17.5ms | ActiveRecord: 11.3ms | Allocations: 11160)


Started GET "/orders" for ::1 at 2023-04-20 11:00:25 +0300
Processing by OrdersController#index as */*
  Parameters: {"email"=>"admin@example.com", "password"=>"[FILTERED]", "order"=>{}}
  [1m[36mOrder Load (2.0ms)[0m  [1m[34mSELECT "orders".* FROM "orders"[0m
  ↳ app/controllers/orders_controller.rb:4:in `index'
[active_model_serializers]   [1m[36mProduct Load (0.9ms)[0m  [1m[34mSELECT "products".* FROM "products" WHERE "products"."id" = $1 LIMIT $2[0m  [["id", 1], ["LIMIT", 1]]
[active_model_serializers]   ↳ app/controllers/orders_controller.rb:4:in `index'
[active_model_serializers]   [1m[36mUser Load (1.0ms)[0m  [1m[34mSELECT "users".* FROM "users" WHERE "users"."id" = $1 LIMIT $2[0m  [["id", 1], ["LIMIT", 1]]
[active_model_serializers]   ↳ app/controllers/orders_controller.rb:4:in `index'
[active_model_serializers]   [1m[36mProduct Load (0.8ms)[0m  [1m[34mSELECT "products".* FROM "products" WHERE "products"."id" = $1 LIMIT $2[0m  [["id", 2], ["LIMIT", 1]]
[active_model_serializers]   ↳ app/controllers/orders_controller.rb:4:in `index'
[active_model_serializers]   [1m[36mUser Load (0.7ms)[0m  [1m[34mSELECT "users".* FROM "users" WHERE "users"."id" = $1 LIMIT $2[0m  [["id", 2], ["LIMIT", 1]]
[active_model_serializers]   ↳ app/controllers/orders_controller.rb:4:in `index'
[active_model_serializers] Rendered ActiveModel::Serializer::CollectionSerializer with ActiveModelSerializers::Adapter::Attributes (83.01ms)
Completed 200 OK in 94ms (Views: 76.2ms | ActiveRecord: 17.2ms | Allocations: 12616)


Started POST "/authenticate" for ::1 at 2023-04-20 15:58:13 +0300
Processing by AuthenticationController#authenticate as */*
  Parameters: {"email"=>"admin@example.com", "password"=>"[FILTERED]", "authentication"=>{"email"=>"admin@example.com", "password"=>"[FILTERED]"}}
[31mUnpermitted parameter: :authentication. Context: { controller: AuthenticationController, action: authenticate, request: #<ActionDispatch::Request:0x00007f205ce89d78>, params: {"email"=>"admin@example.com", "password"=>"[FILTERED]", "controller"=>"authentication", "action"=>"authenticate", "authentication"=>{"email"=>"admin@example.com", "password"=>"[FILTERED]"}} }[0m
  [1m[36mUser Load (1.0ms)[0m  [1m[34mSELECT "users".* FROM "users" WHERE "users"."email" = $1 LIMIT $2[0m  [["email", "admin@example.com"], ["LIMIT", 1]]
  ↳ app/controllers/authentication_controller.rb:5:in `authenticate'
[31mUnpermitted parameter: :authentication. Context: { controller: AuthenticationController, action: authenticate, request: #<ActionDispatch::Request:0x00007f205ce89d78>, params: {"email"=>"admin@example.com", "password"=>"[FILTERED]", "controller"=>"authentication", "action"=>"authenticate", "authentication"=>{"email"=>"admin@example.com", "password"=>"[FILTERED]"}} }[0m
  [1m[36mAdmin Load (0.9ms)[0m  [1m[34mSELECT "admins".* FROM "admins" WHERE "admins"."email" = $1 LIMIT $2[0m  [["email", "admin@example.com"], ["LIMIT", 1]]
  ↳ app/controllers/authentication_controller.rb:6:in `authenticate'
[31mUnpermitted parameter: :authentication. Context: { controller: AuthenticationController, action: authenticate, request: #<ActionDispatch::Request:0x00007f205ce89d78>, params: {"email"=>"admin@example.com", "password"=>"[FILTERED]", "controller"=>"authentication", "action"=>"authenticate", "authentication"=>{"email"=>"admin@example.com", "password"=>"[FILTERED]"}} }[0m
[active_model_serializers] Rendered ActiveModel::Serializer::Null with Hash (0.14ms)
Completed 200 OK in 456ms (Views: 1.9ms | ActiveRecord: 68.1ms | Allocations: 4718)


Started GET "/invoice/1" for ::1 at 2023-04-20 16:14:28 +0300
Processing by OrdersController#show_invoice as */*
  Parameters: {"email"=>"admin@example.com", "password"=>"[FILTERED]", "id"=>"1", "order"=>{}}
  [1m[36mOrder Load (120.7ms)[0m  [1m[34mSELECT "orders".* FROM "orders" WHERE "orders"."id" = $1 LIMIT $2[0m  [["id", 1], ["LIMIT", 1]]
  ↳ app/controllers/orders_controller.rb:59:in `show_invoice'
  [1m[36mUser Load (0.6ms)[0m  [1m[34mSELECT "users".* FROM "users" WHERE "users"."id" = $1 LIMIT $2[0m  [["id", 1], ["LIMIT", 1]]
  ↳ app/controllers/orders_controller.rb:71:in `generate_invoice'
  [1m[36mProduct Load (4.1ms)[0m  [1m[34mSELECT "products".* FROM "products" WHERE "products"."id" = $1 LIMIT $2[0m  [["id", 1], ["LIMIT", 1]]
  ↳ app/controllers/orders_controller.rb:73:in `generate_invoice'
[active_model_serializers] Rendered ActiveModel::Serializer::Null with Hash (32.78ms)
Completed 200 OK in 268ms (Views: 34.6ms | ActiveRecord: 140.6ms | Allocations: 17694)


